<?xml version="1.0" encoding="UTF-8"?>
<testsuite name="org.zerock.ex2.repository.MemoRepositoryTests" tests="1" skipped="0" failures="0" errors="0" timestamp="2021-03-23T10:47:00" hostname="DESKTOP-AKREH2F" time="0.417">
  <properties/>
  <testcase name="testDeleteQueryMethod()" classname="org.zerock.ex2.repository.MemoRepositoryTests" time="0.417"/>
  <system-out><![CDATA[19:46:55.141 [Test worker] DEBUG org.springframework.test.context.BootstrapUtils - Instantiating CacheAwareContextLoaderDelegate from class [org.springframework.test.context.cache.DefaultCacheAwareContextLoaderDelegate]
19:46:55.156 [Test worker] DEBUG org.springframework.test.context.BootstrapUtils - Instantiating BootstrapContext using constructor [public org.springframework.test.context.support.DefaultBootstrapContext(java.lang.Class,org.springframework.test.context.CacheAwareContextLoaderDelegate)]
19:46:55.203 [Test worker] DEBUG org.springframework.test.context.BootstrapUtils - Instantiating TestContextBootstrapper for test class [org.zerock.ex2.repository.MemoRepositoryTests] from class [org.springframework.boot.test.context.SpringBootTestContextBootstrapper]
19:46:55.219 [Test worker] INFO org.springframework.boot.test.context.SpringBootTestContextBootstrapper - Neither @ContextConfiguration nor @ContextHierarchy found for test class [org.zerock.ex2.repository.MemoRepositoryTests], using SpringBootContextLoader
19:46:55.219 [Test worker] DEBUG org.springframework.test.context.support.AbstractContextLoader - Did not detect default resource location for test class [org.zerock.ex2.repository.MemoRepositoryTests]: class path resource [org/zerock/ex2/repository/MemoRepositoryTests-context.xml] does not exist
19:46:55.219 [Test worker] DEBUG org.springframework.test.context.support.AbstractContextLoader - Did not detect default resource location for test class [org.zerock.ex2.repository.MemoRepositoryTests]: class path resource [org/zerock/ex2/repository/MemoRepositoryTestsContext.groovy] does not exist
19:46:55.219 [Test worker] INFO org.springframework.test.context.support.AbstractContextLoader - Could not detect default resource locations for test class [org.zerock.ex2.repository.MemoRepositoryTests]: no resource found for suffixes {-context.xml, Context.groovy}.
19:46:55.219 [Test worker] INFO org.springframework.test.context.support.AnnotationConfigContextLoaderUtils - Could not detect default configuration classes for test class [org.zerock.ex2.repository.MemoRepositoryTests]: MemoRepositoryTests does not declare any static, non-private, non-final, nested classes annotated with @Configuration.
19:46:55.281 [Test worker] DEBUG org.springframework.test.context.support.ActiveProfilesUtils - Could not find an 'annotation declaring class' for annotation type [org.springframework.test.context.ActiveProfiles] and class [org.zerock.ex2.repository.MemoRepositoryTests]
19:46:55.344 [Test worker] DEBUG org.springframework.context.annotation.ClassPathScanningCandidateComponentProvider - Identified candidate component class: file [C:\Users\SH\IdeaProjects\ex2\build\classes\java\main\org\zerock\ex2\Ex2Application.class]
19:46:55.344 [Test worker] INFO org.springframework.boot.test.context.SpringBootTestContextBootstrapper - Found @SpringBootConfiguration org.zerock.ex2.Ex2Application for test class org.zerock.ex2.repository.MemoRepositoryTests
19:46:55.469 [Test worker] DEBUG org.springframework.boot.test.context.SpringBootTestContextBootstrapper - @TestExecutionListeners is not present for class [org.zerock.ex2.repository.MemoRepositoryTests]: using defaults.
19:46:55.469 [Test worker] INFO org.springframework.boot.test.context.SpringBootTestContextBootstrapper - Loaded default TestExecutionListener class names from location [META-INF/spring.factories]: [org.springframework.boot.test.autoconfigure.restdocs.RestDocsTestExecutionListener, org.springframework.boot.test.autoconfigure.web.client.MockRestServiceServerResetTestExecutionListener, org.springframework.boot.test.autoconfigure.web.servlet.MockMvcPrintOnlyOnFailureTestExecutionListener, org.springframework.boot.test.autoconfigure.web.servlet.WebDriverTestExecutionListener, org.springframework.boot.test.autoconfigure.webservices.client.MockWebServiceServerTestExecutionListener, org.springframework.boot.test.mock.mockito.MockitoTestExecutionListener, org.springframework.boot.test.mock.mockito.ResetMocksTestExecutionListener, org.springframework.test.context.web.ServletTestExecutionListener, org.springframework.test.context.support.DirtiesContextBeforeModesTestExecutionListener, org.springframework.test.context.event.ApplicationEventsTestExecutionListener, org.springframework.test.context.support.DependencyInjectionTestExecutionListener, org.springframework.test.context.support.DirtiesContextTestExecutionListener, org.springframework.test.context.transaction.TransactionalTestExecutionListener, org.springframework.test.context.jdbc.SqlScriptsTestExecutionListener, org.springframework.test.context.event.EventPublishingTestExecutionListener]
19:46:55.484 [Test worker] INFO org.springframework.boot.test.context.SpringBootTestContextBootstrapper - Using TestExecutionListeners: [org.springframework.test.context.web.ServletTestExecutionListener@30de929d, org.springframework.test.context.support.DirtiesContextBeforeModesTestExecutionListener@632f07a9, org.springframework.test.context.event.ApplicationEventsTestExecutionListener@35a5342, org.springframework.boot.test.mock.mockito.MockitoTestExecutionListener@4c54e916, org.springframework.boot.test.autoconfigure.SpringBootDependencyInjectionTestExecutionListener@85ad07b, org.springframework.test.context.support.DirtiesContextTestExecutionListener@13d38c96, org.springframework.test.context.transaction.TransactionalTestExecutionListener@42c21ded, org.springframework.test.context.jdbc.SqlScriptsTestExecutionListener@293550fa, org.springframework.test.context.event.EventPublishingTestExecutionListener@773294af, org.springframework.boot.test.autoconfigure.restdocs.RestDocsTestExecutionListener@788a11e3, org.springframework.boot.test.autoconfigure.web.client.MockRestServiceServerResetTestExecutionListener@2af5466a, org.springframework.boot.test.autoconfigure.web.servlet.MockMvcPrintOnlyOnFailureTestExecutionListener@2944714e, org.springframework.boot.test.autoconfigure.web.servlet.WebDriverTestExecutionListener@4a300f25, org.springframework.boot.test.autoconfigure.webservices.client.MockWebServiceServerTestExecutionListener@621d1a89, org.springframework.boot.test.mock.mockito.ResetMocksTestExecutionListener@625bd6b6]
19:46:55.500 [Test worker] DEBUG org.springframework.test.context.support.AbstractDirtiesContextTestExecutionListener - Before test class: context [DefaultTestContext@6f31b597 testClass = MemoRepositoryTests, testInstance = [null], testMethod = [null], testException = [null], mergedContextConfiguration = [WebMergedContextConfiguration@4b6c143f testClass = MemoRepositoryTests, locations = '{}', classes = '{class org.zerock.ex2.Ex2Application}', contextInitializerClasses = '[]', activeProfiles = '{}', propertySourceLocations = '{}', propertySourceProperties = '{org.springframework.boot.test.context.SpringBootTestContextBootstrapper=true}', contextCustomizers = set[org.springframework.boot.test.autoconfigure.actuate.metrics.MetricsExportContextCustomizerFactory$DisableMetricExportContextCustomizer@5b675ca9, org.springframework.boot.test.autoconfigure.properties.PropertyMappingContextCustomizer@0, org.springframework.boot.test.autoconfigure.web.servlet.WebDriverContextCustomizerFactory$Customizer@7db358f4, org.springframework.boot.test.context.filter.ExcludeFilterContextCustomizer@6e4fcbf3, org.springframework.boot.test.json.DuplicateJsonObjectContextCustomizerFactory$DuplicateJsonObjectContextCustomizer@3580f936, org.springframework.boot.test.mock.mockito.MockitoContextCustomizer@0, org.springframework.boot.test.web.client.TestRestTemplateContextCustomizer@217a58a, org.springframework.boot.test.context.SpringBootTestArgs@1, org.springframework.boot.test.context.SpringBootTestWebEnvironment@14d60d9e], resourceBasePath = 'src/main/webapp', contextLoader = 'org.springframework.boot.test.context.SpringBootContextLoader', parent = [null]], attributes = map['org.springframework.test.context.web.ServletTestExecutionListener.activateListener' -> true]], class annotated with @DirtiesContext [false] with mode [null].
19:46:55.531 [Test worker] DEBUG org.springframework.test.context.support.TestPropertySourceUtils - Adding inlined properties to environment: {spring.jmx.enabled=false, org.springframework.boot.test.context.SpringBootTestContextBootstrapper=true}

  .   ____          _            __ _ _
 /\\ / ___'_ __ _ _(_)_ __  __ _ \ \ \ \
( ( )\___ | '_ | '_| | '_ \/ _` | \ \ \ \
 \\/  ___)| |_)| | | | | || (_| |  ) ) ) )
  '  |____| .__|_| |_|_| |_\__, | / / / /
 =========|_|==============|___/=/_/_/_/
 :: Spring Boot ::                (v2.4.3)

2021-03-23 19:46:55.828  INFO 13172 --- [    Test worker] o.z.ex2.repository.MemoRepositoryTests   : Starting MemoRepositoryTests using Java 11.0.9 on DESKTOP-AKREH2F with PID 13172 (started by SH in C:\Users\SH\IdeaProjects\ex2)
2021-03-23 19:46:55.828  INFO 13172 --- [    Test worker] o.z.ex2.repository.MemoRepositoryTests   : No active profile set, falling back to default profiles: default
2021-03-23 19:46:56.578  INFO 13172 --- [    Test worker] .s.d.r.c.RepositoryConfigurationDelegate : Bootstrapping Spring Data JPA repositories in DEFAULT mode.
2021-03-23 19:46:56.657  INFO 13172 --- [    Test worker] .s.d.r.c.RepositoryConfigurationDelegate : Finished Spring Data repository scanning in 62 ms. Found 1 JPA repository interfaces.
2021-03-23 19:46:57.358  INFO 13172 --- [    Test worker] o.hibernate.jpa.internal.util.LogHelper  : HHH000204: Processing PersistenceUnitInfo [name: default]
2021-03-23 19:46:57.454  INFO 13172 --- [    Test worker] org.hibernate.Version                    : HHH000412: Hibernate ORM core version 5.4.28.Final
2021-03-23 19:46:57.656  INFO 13172 --- [    Test worker] o.hibernate.annotations.common.Version   : HCANN000001: Hibernate Commons Annotations {5.1.2.Final}
2021-03-23 19:46:57.841  INFO 13172 --- [    Test worker] com.zaxxer.hikari.HikariDataSource       : HikariPool-1 - Starting...
2021-03-23 19:46:57.942  INFO 13172 --- [    Test worker] com.zaxxer.hikari.HikariDataSource       : HikariPool-1 - Start completed.
2021-03-23 19:46:57.985  INFO 13172 --- [    Test worker] org.hibernate.dialect.Dialect            : HHH000400: Using dialect: org.hibernate.dialect.MariaDB53Dialect
2021-03-23 19:46:58.743  INFO 13172 --- [    Test worker] o.h.e.t.j.p.i.JtaPlatformInitiator       : HHH000490: Using JtaPlatform implementation: [org.hibernate.engine.transaction.jta.platform.internal.NoJtaPlatform]
2021-03-23 19:46:58.755  INFO 13172 --- [    Test worker] j.LocalContainerEntityManagerFactoryBean : Initialized JPA EntityManagerFactory for persistence unit 'default'
2021-03-23 19:46:59.074  WARN 13172 --- [    Test worker] JpaBaseConfiguration$JpaWebConfiguration : spring.jpa.open-in-view is enabled by default. Therefore, database queries may be performed during view rendering. Explicitly configure spring.jpa.open-in-view to disable this warning
2021-03-23 19:46:59.508  INFO 13172 --- [    Test worker] o.s.s.concurrent.ThreadPoolTaskExecutor  : Initializing ExecutorService 'applicationTaskExecutor'
2021-03-23 19:47:00.440  INFO 13172 --- [    Test worker] o.z.ex2.repository.MemoRepositoryTests   : Started MemoRepositoryTests in 4.895 seconds (JVM running for 6.319)
2021-03-23 19:47:00.479  INFO 13172 --- [    Test worker] o.s.t.c.transaction.TransactionContext   : Began transaction (1) for test context [DefaultTestContext@6f31b597 testClass = MemoRepositoryTests, testInstance = org.zerock.ex2.repository.MemoRepositoryTests@2c7b8c79, testMethod = testDeleteQueryMethod@MemoRepositoryTests, testException = [null], mergedContextConfiguration = [WebMergedContextConfiguration@4b6c143f testClass = MemoRepositoryTests, locations = '{}', classes = '{class org.zerock.ex2.Ex2Application}', contextInitializerClasses = '[]', activeProfiles = '{}', propertySourceLocations = '{}', propertySourceProperties = '{org.springframework.boot.test.context.SpringBootTestContextBootstrapper=true}', contextCustomizers = set[org.springframework.boot.test.autoconfigure.actuate.metrics.MetricsExportContextCustomizerFactory$DisableMetricExportContextCustomizer@5b675ca9, org.springframework.boot.test.autoconfigure.properties.PropertyMappingContextCustomizer@0, org.springframework.boot.test.autoconfigure.web.servlet.WebDriverContextCustomizerFactory$Customizer@7db358f4, org.springframework.boot.test.context.filter.ExcludeFilterContextCustomizer@6e4fcbf3, org.springframework.boot.test.json.DuplicateJsonObjectContextCustomizerFactory$DuplicateJsonObjectContextCustomizer@3580f936, org.springframework.boot.test.mock.mockito.MockitoContextCustomizer@0, org.springframework.boot.test.web.client.TestRestTemplateContextCustomizer@217a58a, org.springframework.boot.test.context.SpringBootTestArgs@1, org.springframework.boot.test.context.SpringBootTestWebEnvironment@14d60d9e], resourceBasePath = 'src/main/webapp', contextLoader = 'org.springframework.boot.test.context.SpringBootContextLoader', parent = [null]], attributes = map['org.springframework.test.context.web.ServletTestExecutionListener.activateListener' -> true, 'org.springframework.test.context.web.ServletTestExecutionListener.populatedRequestContextHolder' -> true, 'org.springframework.test.context.web.ServletTestExecutionListener.resetRequestContextHolder' -> true, 'org.springframework.test.context.event.ApplicationEventsTestExecutionListener.recordApplicationEvents' -> false]]; transaction manager [org.springframework.orm.jpa.JpaTransactionManager@6ac3421b]; rollback [false]
Hibernate: 
    select
        memo0_.mno as mno1_0_,
        memo0_.memo_text as memo_tex2_0_ 
    from
        tbl_memo memo0_ 
    where
        memo0_.mno<?
Hibernate: 
    delete 
    from
        tbl_memo 
    where
        mno=?
Hibernate: 
    delete 
    from
        tbl_memo 
    where
        mno=?
Hibernate: 
    delete 
    from
        tbl_memo 
    where
        mno=?
Hibernate: 
    delete 
    from
        tbl_memo 
    where
        mno=?
Hibernate: 
    delete 
    from
        tbl_memo 
    where
        mno=?
Hibernate: 
    delete 
    from
        tbl_memo 
    where
        mno=?
Hibernate: 
    delete 
    from
        tbl_memo 
    where
        mno=?
Hibernate: 
    delete 
    from
        tbl_memo 
    where
        mno=?
Hibernate: 
    delete 
    from
        tbl_memo 
    where
        mno=?
2021-03-23 19:47:00.866  INFO 13172 --- [    Test worker] o.s.t.c.transaction.TransactionContext   : Committed transaction for test: [DefaultTestContext@6f31b597 testClass = MemoRepositoryTests, testInstance = org.zerock.ex2.repository.MemoRepositoryTests@2c7b8c79, testMethod = testDeleteQueryMethod@MemoRepositoryTests, testException = [null], mergedContextConfiguration = [WebMergedContextConfiguration@4b6c143f testClass = MemoRepositoryTests, locations = '{}', classes = '{class org.zerock.ex2.Ex2Application}', contextInitializerClasses = '[]', activeProfiles = '{}', propertySourceLocations = '{}', propertySourceProperties = '{org.springframework.boot.test.context.SpringBootTestContextBootstrapper=true}', contextCustomizers = set[org.springframework.boot.test.autoconfigure.actuate.metrics.MetricsExportContextCustomizerFactory$DisableMetricExportContextCustomizer@5b675ca9, org.springframework.boot.test.autoconfigure.properties.PropertyMappingContextCustomizer@0, org.springframework.boot.test.autoconfigure.web.servlet.WebDriverContextCustomizerFactory$Customizer@7db358f4, org.springframework.boot.test.context.filter.ExcludeFilterContextCustomizer@6e4fcbf3, org.springframework.boot.test.json.DuplicateJsonObjectContextCustomizerFactory$DuplicateJsonObjectContextCustomizer@3580f936, org.springframework.boot.test.mock.mockito.MockitoContextCustomizer@0, org.springframework.boot.test.web.client.TestRestTemplateContextCustomizer@217a58a, org.springframework.boot.test.context.SpringBootTestArgs@1, org.springframework.boot.test.context.SpringBootTestWebEnvironment@14d60d9e], resourceBasePath = 'src/main/webapp', contextLoader = 'org.springframework.boot.test.context.SpringBootContextLoader', parent = [null]], attributes = map['org.springframework.test.context.web.ServletTestExecutionListener.activateListener' -> true, 'org.springframework.test.context.web.ServletTestExecutionListener.populatedRequestContextHolder' -> true, 'org.springframework.test.context.web.ServletTestExecutionListener.resetRequestContextHolder' -> true, 'org.springframework.test.context.event.ApplicationEventsTestExecutionListener.recordApplicationEvents' -> false]]
]]></system-out>
  <system-err><![CDATA[]]></system-err>
</testsuite>
